<?xml version="1.0" encoding="UTF-8"?>
<!-- Generated by org.testng.reporters.JUnitReportReporter -->
<testsuite skipped="0" hostname="Sriranganaths-MacBook-Pro-2.local" name="com.crm.testcases.TestHomePage" tests="2" failures="0" timestamp="26 Nov 2020 15:59:51 GMT" time="40.114" errors="0">
  <testcase name="testHomePageElements" time="11.416" classname="com.crm.testcases.TestHomePage"/>
  <testcase name="ValidateContactLink" time="28.698" classname="com.crm.testcases.TestHomePage"/>
</testsuite> <!-- com.crm.testcases.TestHomePage -->
