<?xml version="1.0" encoding="UTF-8"?>
<!-- Generated by org.testng.reporters.JUnitReportReporter -->
<testsuite skipped="0" hostname="Sriranganaths-MacBook-Pro-2.local" name="com.crm.testcases.TestLoginPage" tests="2" failures="0" timestamp="26 Nov 2020 13:43:14 GMT" time="32.531" errors="0">
  <testcase name="titleTest" time="22.370" classname="com.crm.testcases.TestLoginPage"/>
  <testcase name="validateLogin" time="10.161" classname="com.crm.testcases.TestLoginPage"/>
</testsuite> <!-- com.crm.testcases.TestLoginPage -->
